<?xml version="1.0" encoding="UTF-8"?>
<!-- Generated by org.testng.reporters.JUnitReportReporter -->
<testsuite hostname="ANIKET" failures="0" tests="1" name="org.example.PasteBinTest" time="32.468" errors="0" timestamp="2023-05-02T23:24:27 IST" skipped="0">
  <testcase classname="org.example.PasteBinTest" name="PasteBinVerification" time="32.468"/>
  <system-out/>
</testsuite> <!-- org.example.PasteBinTest -->
